2021-01-02 21:17:22.039  WARN 47632 --- [restartedMain] o.s.boot.StartupInfoLogger               : InetAddress.getLocalHost().getHostName() took 5002 milliseconds to respond. Please verify your network configuration (macOS machines may need to add entries to /etc/hosts).
2021-01-02 21:17:27.045  INFO 47632 --- [restartedMain] c.c.s.SpringbootS3IntegrationApplication : Starting SpringbootS3IntegrationApplication using Java 1.8.0_271 on Udaykumars-MacBook-Pro.local with PID 47632 (/Users/udaykumarbommala/Documents/workspace-spring-tool-suite-4-4.8.1.RELEASE/demo/springbootS3Integration/target/classes started by udaykumarbommala in /Users/udaykumarbommala/Documents/workspace-spring-tool-suite-4-4.8.1.RELEASE/demo/springbootS3Integration)
2021-01-02 21:17:27.046  INFO 47632 --- [restartedMain] c.c.s.SpringbootS3IntegrationApplication : No active profile set, falling back to default profiles: default
2021-01-02 21:17:27.234  INFO 47632 --- [restartedMain] o.s.b.w.embedded.tomcat.TomcatWebServer  : Tomcat initialized with port(s): 8080 (http)
2021-01-02 21:17:27.235  INFO 47632 --- [restartedMain] o.apache.catalina.core.StandardService   : Starting service [Tomcat]
2021-01-02 21:17:27.235  INFO 47632 --- [restartedMain] org.apache.catalina.core.StandardEngine  : Starting Servlet engine: [Apache Tomcat/9.0.41]
2021-01-02 21:17:27.240  INFO 47632 --- [restartedMain] o.a.c.c.C.[.[.[/awss3integration]        : Initializing Spring embedded WebApplicationContext
2021-01-02 21:17:27.240  INFO 47632 --- [restartedMain] w.s.c.ServletWebServerApplicationContext : Root WebApplicationContext: initialization completed in 184 ms
2021-01-02 21:17:27.291  INFO 47632 --- [restartedMain] o.s.s.concurrent.ThreadPoolTaskExecutor  : Initializing ExecutorService 'applicationTaskExecutor'
2021-01-02 21:17:27.339  INFO 47632 --- [restartedMain] o.s.b.d.a.OptionalLiveReloadServer       : LiveReload server is running on port 35729
2021-01-02 21:17:27.356  INFO 47632 --- [restartedMain] o.s.b.w.embedded.tomcat.TomcatWebServer  : Tomcat started on port(s): 8080 (http) with context path '/awss3integration'
2021-01-02 21:17:27.360  INFO 47632 --- [restartedMain] c.c.s.SpringbootS3IntegrationApplication : Started SpringbootS3IntegrationApplication in 15.37 seconds (JVM running for 197.129)
2021-01-02 21:17:27.362  INFO 47632 --- [restartedMain] .ConditionEvaluationDeltaLoggingListener : Condition evaluation unchanged
2021-01-02 21:17:35.815  INFO 47632 --- [http-nio-8080-exec-1] o.a.c.c.C.[.[.[/awss3integration]        : Initializing Spring DispatcherServlet 'dispatcherServlet'
2021-01-02 21:17:35.816  INFO 47632 --- [http-nio-8080-exec-1] o.s.web.servlet.DispatcherServlet        : Initializing Servlet 'dispatcherServlet'
2021-01-02 21:17:35.818  INFO 47632 --- [http-nio-8080-exec-1] o.s.web.servlet.DispatcherServlet        : Completed initialization in 1 ms
2021-01-02 21:19:15.691  INFO 47632 --- [Thread-21] o.s.s.concurrent.ThreadPoolTaskExecutor  : Shutting down ExecutorService 'applicationTaskExecutor'
2021-01-02 21:19:25.917  WARN 47632 --- [restartedMain] o.s.boot.StartupInfoLogger               : InetAddress.getLocalHost().getHostName() took 5002 milliseconds to respond. Please verify your network configuration (macOS machines may need to add entries to /etc/hosts).
2021-01-02 21:19:30.923  INFO 47632 --- [restartedMain] c.c.s.SpringbootS3IntegrationApplication : Starting SpringbootS3IntegrationApplication using Java 1.8.0_271 on Udaykumars-MacBook-Pro.local with PID 47632 (/Users/udaykumarbommala/Documents/workspace-spring-tool-suite-4-4.8.1.RELEASE/demo/springbootS3Integration/target/classes started by udaykumarbommala in /Users/udaykumarbommala/Documents/workspace-spring-tool-suite-4-4.8.1.RELEASE/demo/springbootS3Integration)
2021-01-02 21:19:30.923  INFO 47632 --- [restartedMain] c.c.s.SpringbootS3IntegrationApplication : No active profile set, falling back to default profiles: default
2021-01-02 21:19:31.115  INFO 47632 --- [restartedMain] o.s.b.w.embedded.tomcat.TomcatWebServer  : Tomcat initialized with port(s): 8080 (http)
2021-01-02 21:19:31.115  INFO 47632 --- [restartedMain] o.apache.catalina.core.StandardService   : Starting service [Tomcat]
2021-01-02 21:19:31.116  INFO 47632 --- [restartedMain] org.apache.catalina.core.StandardEngine  : Starting Servlet engine: [Apache Tomcat/9.0.41]
2021-01-02 21:19:31.120  INFO 47632 --- [restartedMain] o.a.c.c.C.[.[.[/awss3integration]        : Initializing Spring embedded WebApplicationContext
2021-01-02 21:19:31.120  INFO 47632 --- [restartedMain] w.s.c.ServletWebServerApplicationContext : Root WebApplicationContext: initialization completed in 188 ms
2021-01-02 21:19:31.164  INFO 47632 --- [restartedMain] o.s.s.concurrent.ThreadPoolTaskExecutor  : Initializing ExecutorService 'applicationTaskExecutor'
2021-01-02 21:19:31.197  INFO 47632 --- [restartedMain] o.s.b.d.a.OptionalLiveReloadServer       : LiveReload server is running on port 35729
2021-01-02 21:19:31.205  INFO 47632 --- [restartedMain] o.s.b.w.embedded.tomcat.TomcatWebServer  : Tomcat started on port(s): 8080 (http) with context path '/awss3integration'
2021-01-02 21:19:31.210  INFO 47632 --- [restartedMain] c.c.s.SpringbootS3IntegrationApplication : Started SpringbootS3IntegrationApplication in 15.332 seconds (JVM running for 320.977)
2021-01-02 21:19:31.213  INFO 47632 --- [restartedMain] .ConditionEvaluationDeltaLoggingListener : Condition evaluation unchanged
2021-01-02 21:19:46.770  INFO 47632 --- [Thread-28] o.s.s.concurrent.ThreadPoolTaskExecutor  : Shutting down ExecutorService 'applicationTaskExecutor'
2021-01-02 21:19:56.908  WARN 47632 --- [restartedMain] o.s.boot.StartupInfoLogger               : InetAddress.getLocalHost().getHostName() took 5002 milliseconds to respond. Please verify your network configuration (macOS machines may need to add entries to /etc/hosts).
2021-01-02 21:20:01.911  INFO 47632 --- [restartedMain] c.c.s.SpringbootS3IntegrationApplication : Starting SpringbootS3IntegrationApplication using Java 1.8.0_271 on Udaykumars-MacBook-Pro.local with PID 47632 (/Users/udaykumarbommala/Documents/workspace-spring-tool-suite-4-4.8.1.RELEASE/demo/springbootS3Integration/target/classes started by udaykumarbommala in /Users/udaykumarbommala/Documents/workspace-spring-tool-suite-4-4.8.1.RELEASE/demo/springbootS3Integration)
2021-01-02 21:20:01.912  INFO 47632 --- [restartedMain] c.c.s.SpringbootS3IntegrationApplication : No active profile set, falling back to default profiles: default
2021-01-02 21:20:02.053  INFO 47632 --- [restartedMain] o.s.b.w.embedded.tomcat.TomcatWebServer  : Tomcat initialized with port(s): 8080 (http)
2021-01-02 21:20:02.053  INFO 47632 --- [restartedMain] o.apache.catalina.core.StandardService   : Starting service [Tomcat]
2021-01-02 21:20:02.053  INFO 47632 --- [restartedMain] org.apache.catalina.core.StandardEngine  : Starting Servlet engine: [Apache Tomcat/9.0.41]
2021-01-02 21:20:02.059  INFO 47632 --- [restartedMain] o.a.c.c.C.[.[.[/awss3integration]        : Initializing Spring embedded WebApplicationContext
2021-01-02 21:20:02.060  INFO 47632 --- [restartedMain] w.s.c.ServletWebServerApplicationContext : Root WebApplicationContext: initialization completed in 143 ms
2021-01-02 21:20:02.095  INFO 47632 --- [restartedMain] o.s.s.concurrent.ThreadPoolTaskExecutor  : Initializing ExecutorService 'applicationTaskExecutor'
2021-01-02 21:20:02.117  INFO 47632 --- [restartedMain] o.s.b.d.a.OptionalLiveReloadServer       : LiveReload server is running on port 35729
2021-01-02 21:20:02.127  INFO 47632 --- [restartedMain] o.s.b.w.embedded.tomcat.TomcatWebServer  : Tomcat started on port(s): 8080 (http) with context path '/awss3integration'
2021-01-02 21:20:02.130  INFO 47632 --- [restartedMain] c.c.s.SpringbootS3IntegrationApplication : Started SpringbootS3IntegrationApplication in 15.259 seconds (JVM running for 351.897)
2021-01-02 21:20:02.133  INFO 47632 --- [restartedMain] .ConditionEvaluationDeltaLoggingListener : Condition evaluation unchanged
2021-01-02 21:20:03.555  INFO 47632 --- [Thread-36] o.s.s.concurrent.ThreadPoolTaskExecutor  : Shutting down ExecutorService 'applicationTaskExecutor'
2021-01-02 21:20:13.656  WARN 47632 --- [restartedMain] o.s.boot.StartupInfoLogger               : InetAddress.getLocalHost().getHostName() took 5005 milliseconds to respond. Please verify your network configuration (macOS machines may need to add entries to /etc/hosts).
2021-01-02 21:20:18.658  INFO 47632 --- [restartedMain] c.c.s.SpringbootS3IntegrationApplication : Starting SpringbootS3IntegrationApplication using Java 1.8.0_271 on Udaykumars-MacBook-Pro.local with PID 47632 (/Users/udaykumarbommala/Documents/workspace-spring-tool-suite-4-4.8.1.RELEASE/demo/springbootS3Integration/target/classes started by udaykumarbommala in /Users/udaykumarbommala/Documents/workspace-spring-tool-suite-4-4.8.1.RELEASE/demo/springbootS3Integration)
2021-01-02 21:20:18.658  INFO 47632 --- [restartedMain] c.c.s.SpringbootS3IntegrationApplication : No active profile set, falling back to default profiles: default
2021-01-02 21:20:18.855  INFO 47632 --- [restartedMain] o.s.b.w.embedded.tomcat.TomcatWebServer  : Tomcat initialized with port(s): 8080 (http)
2021-01-02 21:20:18.856  INFO 47632 --- [restartedMain] o.apache.catalina.core.StandardService   : Starting service [Tomcat]
2021-01-02 21:20:18.856  INFO 47632 --- [restartedMain] org.apache.catalina.core.StandardEngine  : Starting Servlet engine: [Apache Tomcat/9.0.41]
2021-01-02 21:20:18.861  INFO 47632 --- [restartedMain] o.a.c.c.C.[.[.[/awss3integration]        : Initializing Spring embedded WebApplicationContext
2021-01-02 21:20:18.861  INFO 47632 --- [restartedMain] w.s.c.ServletWebServerApplicationContext : Root WebApplicationContext: initialization completed in 199 ms
2021-01-02 21:20:18.893  INFO 47632 --- [restartedMain] o.s.s.concurrent.ThreadPoolTaskExecutor  : Initializing ExecutorService 'applicationTaskExecutor'
2021-01-02 21:20:18.914  INFO 47632 --- [restartedMain] o.s.b.d.a.OptionalLiveReloadServer       : LiveReload server is running on port 35729
2021-01-02 21:20:18.921  INFO 47632 --- [restartedMain] o.s.b.w.embedded.tomcat.TomcatWebServer  : Tomcat started on port(s): 8080 (http) with context path '/awss3integration'
2021-01-02 21:20:18.926  INFO 47632 --- [restartedMain] c.c.s.SpringbootS3IntegrationApplication : Started SpringbootS3IntegrationApplication in 15.306 seconds (JVM running for 368.693)
2021-01-02 21:20:18.928  INFO 47632 --- [restartedMain] .ConditionEvaluationDeltaLoggingListener : Condition evaluation unchanged
2021-01-02 21:20:20.351  INFO 47632 --- [Thread-44] o.s.s.concurrent.ThreadPoolTaskExecutor  : Shutting down ExecutorService 'applicationTaskExecutor'
2021-01-02 21:20:30.469  WARN 47632 --- [restartedMain] o.s.boot.StartupInfoLogger               : InetAddress.getLocalHost().getHostName() took 5004 milliseconds to respond. Please verify your network configuration (macOS machines may need to add entries to /etc/hosts).
2021-01-02 21:20:53.089  WARN 47693 --- [restartedMain] o.s.boot.StartupInfoLogger               : InetAddress.getLocalHost().getHostName() took 5007 milliseconds to respond. Please verify your network configuration (macOS machines may need to add entries to /etc/hosts).
2021-01-02 21:20:58.104  INFO 47693 --- [restartedMain] c.c.s.SpringbootS3IntegrationApplication : Starting SpringbootS3IntegrationApplication using Java 1.8.0_271 on Udaykumars-MacBook-Pro.local with PID 47693 (/Users/udaykumarbommala/Documents/workspace-spring-tool-suite-4-4.8.1.RELEASE/demo/springbootS3Integration/target/classes started by udaykumarbommala in /Users/udaykumarbommala/Documents/workspace-spring-tool-suite-4-4.8.1.RELEASE/demo/springbootS3Integration)
2021-01-02 21:20:58.106  INFO 47693 --- [restartedMain] c.c.s.SpringbootS3IntegrationApplication : No active profile set, falling back to default profiles: default
2021-01-02 21:20:58.157  INFO 47693 --- [restartedMain] .e.DevToolsPropertyDefaultsPostProcessor : Devtools property defaults active! Set 'spring.devtools.add-properties' to 'false' to disable
2021-01-02 21:20:58.157  INFO 47693 --- [restartedMain] .e.DevToolsPropertyDefaultsPostProcessor : For additional web related logging consider setting the 'logging.level.web' property to 'DEBUG'
2021-01-02 21:20:58.904  INFO 47693 --- [restartedMain] o.s.b.w.embedded.tomcat.TomcatWebServer  : Tomcat initialized with port(s): 8080 (http)
2021-01-02 21:20:58.914  INFO 47693 --- [restartedMain] o.apache.catalina.core.StandardService   : Starting service [Tomcat]
2021-01-02 21:20:58.914  INFO 47693 --- [restartedMain] org.apache.catalina.core.StandardEngine  : Starting Servlet engine: [Apache Tomcat/9.0.41]
2021-01-02 21:20:58.965  INFO 47693 --- [restartedMain] o.a.c.c.C.[.[.[/awss3integration]        : Initializing Spring embedded WebApplicationContext
2021-01-02 21:20:58.965  INFO 47693 --- [restartedMain] w.s.c.ServletWebServerApplicationContext : Root WebApplicationContext: initialization completed in 807 ms
2021-01-02 21:20:59.618  INFO 47693 --- [restartedMain] o.s.s.concurrent.ThreadPoolTaskExecutor  : Initializing ExecutorService 'applicationTaskExecutor'
2021-01-02 21:20:59.767  INFO 47693 --- [restartedMain] o.s.b.d.a.OptionalLiveReloadServer       : LiveReload server is running on port 35729
2021-01-02 21:20:59.805  INFO 47693 --- [restartedMain] o.s.b.w.embedded.tomcat.TomcatWebServer  : Tomcat started on port(s): 8080 (http) with context path '/awss3integration'
2021-01-02 21:20:59.814  INFO 47693 --- [restartedMain] c.c.s.SpringbootS3IntegrationApplication : Started SpringbootS3IntegrationApplication in 17.14 seconds (JVM running for 22.935)
2021-01-02 21:21:15.361  INFO 47693 --- [http-nio-8080-exec-1] o.a.c.c.C.[.[.[/awss3integration]        : Initializing Spring DispatcherServlet 'dispatcherServlet'
2021-01-02 21:21:15.361  INFO 47693 --- [http-nio-8080-exec-1] o.s.web.servlet.DispatcherServlet        : Initializing Servlet 'dispatcherServlet'
2021-01-02 21:21:15.362  INFO 47693 --- [http-nio-8080-exec-1] o.s.web.servlet.DispatcherServlet        : Completed initialization in 1 ms
2021-01-02 21:23:05.260 ERROR 47693 --- [http-nio-8080-exec-5] o.a.c.c.C.[.[.[.[dispatcherServlet]      : Servlet.service() for servlet [dispatcherServlet] in context with path [/awss3integration] threw exception [No adapter for handler [com.consistentlearners.springbootawslambda.controller.S3Controller@8989ee2]: The DispatcherServlet configuration needs to include a HandlerAdapter that supports this handler] with root cause

javax.servlet.ServletException: No adapter for handler [com.consistentlearners.springbootawslambda.controller.S3Controller@8989ee2]: The DispatcherServlet configuration needs to include a HandlerAdapter that supports this handler
	at org.springframework.web.servlet.DispatcherServlet.getHandlerAdapter(DispatcherServlet.java:1296) ~[spring-webmvc-5.3.2.jar:5.3.2]
	at org.springframework.web.servlet.DispatcherServlet.doDispatch(DispatcherServlet.java:1044) ~[spring-webmvc-5.3.2.jar:5.3.2]
	at org.springframework.web.servlet.DispatcherServlet.doService(DispatcherServlet.java:961) ~[spring-webmvc-5.3.2.jar:5.3.2]
	at org.springframework.web.servlet.FrameworkServlet.processRequest(FrameworkServlet.java:1006) ~[spring-webmvc-5.3.2.jar:5.3.2]
	at org.springframework.web.servlet.FrameworkServlet.doGet(FrameworkServlet.java:898) ~[spring-webmvc-5.3.2.jar:5.3.2]
	at javax.servlet.http.HttpServlet.service(HttpServlet.java:626) ~[tomcat-embed-core-9.0.41.jar:4.0.FR]
	at org.springframework.web.servlet.FrameworkServlet.service(FrameworkServlet.java:883) ~[spring-webmvc-5.3.2.jar:5.3.2]
	at javax.servlet.http.HttpServlet.service(HttpServlet.java:733) ~[tomcat-embed-core-9.0.41.jar:4.0.FR]
	at org.apache.catalina.core.ApplicationFilterChain.internalDoFilter(ApplicationFilterChain.java:231) ~[tomcat-embed-core-9.0.41.jar:9.0.41]
	at org.apache.catalina.core.ApplicationFilterChain.doFilter(ApplicationFilterChain.java:166) ~[tomcat-embed-core-9.0.41.jar:9.0.41]
	at org.apache.tomcat.websocket.server.WsFilter.doFilter(WsFilter.java:53) ~[tomcat-embed-websocket-9.0.41.jar:9.0.41]
	at org.apache.catalina.core.ApplicationFilterChain.internalDoFilter(ApplicationFilterChain.java:193) ~[tomcat-embed-core-9.0.41.jar:9.0.41]
	at org.apache.catalina.core.ApplicationFilterChain.doFilter(ApplicationFilterChain.java:166) ~[tomcat-embed-core-9.0.41.jar:9.0.41]
	at org.springframework.web.filter.RequestContextFilter.doFilterInternal(RequestContextFilter.java:100) ~[spring-web-5.3.2.jar:5.3.2]
	at org.springframework.web.filter.OncePerRequestFilter.doFilter(OncePerRequestFilter.java:119) ~[spring-web-5.3.2.jar:5.3.2]
	at org.apache.catalina.core.ApplicationFilterChain.internalDoFilter(ApplicationFilterChain.java:193) ~[tomcat-embed-core-9.0.41.jar:9.0.41]
	at org.apache.catalina.core.ApplicationFilterChain.doFilter(ApplicationFilterChain.java:166) ~[tomcat-embed-core-9.0.41.jar:9.0.41]
	at org.springframework.web.filter.FormContentFilter.doFilterInternal(FormContentFilter.java:93) ~[spring-web-5.3.2.jar:5.3.2]
	at org.springframework.web.filter.OncePerRequestFilter.doFilter(OncePerRequestFilter.java:119) ~[spring-web-5.3.2.jar:5.3.2]
	at org.apache.catalina.core.ApplicationFilterChain.internalDoFilter(ApplicationFilterChain.java:193) ~[tomcat-embed-core-9.0.41.jar:9.0.41]
	at org.apache.catalina.core.ApplicationFilterChain.doFilter(ApplicationFilterChain.java:166) ~[tomcat-embed-core-9.0.41.jar:9.0.41]
	at org.springframework.web.filter.CharacterEncodingFilter.doFilterInternal(CharacterEncodingFilter.java:201) ~[spring-web-5.3.2.jar:5.3.2]
	at org.springframework.web.filter.OncePerRequestFilter.doFilter(OncePerRequestFilter.java:119) ~[spring-web-5.3.2.jar:5.3.2]
	at org.apache.catalina.core.ApplicationFilterChain.internalDoFilter(ApplicationFilterChain.java:193) ~[tomcat-embed-core-9.0.41.jar:9.0.41]
	at org.apache.catalina.core.ApplicationFilterChain.doFilter(ApplicationFilterChain.java:166) ~[tomcat-embed-core-9.0.41.jar:9.0.41]
	at org.apache.catalina.core.StandardWrapperValve.invoke(StandardWrapperValve.java:202) ~[tomcat-embed-core-9.0.41.jar:9.0.41]
	at org.apache.catalina.core.StandardContextValve.invoke(StandardContextValve.java:97) [tomcat-embed-core-9.0.41.jar:9.0.41]
	at org.apache.catalina.authenticator.AuthenticatorBase.invoke(AuthenticatorBase.java:542) [tomcat-embed-core-9.0.41.jar:9.0.41]
	at org.apache.catalina.core.StandardHostValve.invoke(StandardHostValve.java:143) [tomcat-embed-core-9.0.41.jar:9.0.41]
	at org.apache.catalina.valves.ErrorReportValve.invoke(ErrorReportValve.java:92) [tomcat-embed-core-9.0.41.jar:9.0.41]
	at org.apache.catalina.core.StandardEngineValve.invoke(StandardEngineValve.java:78) [tomcat-embed-core-9.0.41.jar:9.0.41]
	at org.apache.catalina.connector.CoyoteAdapter.service(CoyoteAdapter.java:343) [tomcat-embed-core-9.0.41.jar:9.0.41]
	at org.apache.coyote.http11.Http11Processor.service(Http11Processor.java:374) [tomcat-embed-core-9.0.41.jar:9.0.41]
	at org.apache.coyote.AbstractProcessorLight.process(AbstractProcessorLight.java:65) [tomcat-embed-core-9.0.41.jar:9.0.41]
	at org.apache.coyote.AbstractProtocol$ConnectionHandler.process(AbstractProtocol.java:888) [tomcat-embed-core-9.0.41.jar:9.0.41]
	at org.apache.tomcat.util.net.NioEndpoint$SocketProcessor.doRun(NioEndpoint.java:1597) [tomcat-embed-core-9.0.41.jar:9.0.41]
	at org.apache.tomcat.util.net.SocketProcessorBase.run(SocketProcessorBase.java:49) [tomcat-embed-core-9.0.41.jar:9.0.41]
	at java.util.concurrent.ThreadPoolExecutor.runWorker(ThreadPoolExecutor.java:1149) [na:1.8.0_271]
	at java.util.concurrent.ThreadPoolExecutor$Worker.run(ThreadPoolExecutor.java:624) [na:1.8.0_271]
	at org.apache.tomcat.util.threads.TaskThread$WrappingRunnable.run(TaskThread.java:61) [tomcat-embed-core-9.0.41.jar:9.0.41]
	at java.lang.Thread.run(Thread.java:748) [na:1.8.0_271]

2021-01-02 21:23:17.410  INFO 47693 --- [Thread-7] o.s.s.concurrent.ThreadPoolTaskExecutor  : Shutting down ExecutorService 'applicationTaskExecutor'
2021-01-02 21:23:27.595  WARN 47693 --- [restartedMain] o.s.boot.StartupInfoLogger               : InetAddress.getLocalHost().getHostName() took 5001 milliseconds to respond. Please verify your network configuration (macOS machines may need to add entries to /etc/hosts).
2021-01-02 21:23:32.599  INFO 47693 --- [restartedMain] c.c.s.SpringbootS3IntegrationApplication : Starting SpringbootS3IntegrationApplication using Java 1.8.0_271 on Udaykumars-MacBook-Pro.local with PID 47693 (/Users/udaykumarbommala/Documents/workspace-spring-tool-suite-4-4.8.1.RELEASE/demo/springbootS3Integration/target/classes started by udaykumarbommala in /Users/udaykumarbommala/Documents/workspace-spring-tool-suite-4-4.8.1.RELEASE/demo/springbootS3Integration)
2021-01-02 21:23:32.600  INFO 47693 --- [restartedMain] c.c.s.SpringbootS3IntegrationApplication : No active profile set, falling back to default profiles: default
2021-01-02 21:23:32.817  INFO 47693 --- [restartedMain] o.s.b.w.embedded.tomcat.TomcatWebServer  : Tomcat initialized with port(s): 8080 (http)
2021-01-02 21:23:32.818  INFO 47693 --- [restartedMain] o.apache.catalina.core.StandardService   : Starting service [Tomcat]
2021-01-02 21:23:32.818  INFO 47693 --- [restartedMain] org.apache.catalina.core.StandardEngine  : Starting Servlet engine: [Apache Tomcat/9.0.41]
2021-01-02 21:23:32.822  INFO 47693 --- [restartedMain] o.a.c.c.C.[.[.[/awss3integration]        : Initializing Spring embedded WebApplicationContext
2021-01-02 21:23:32.823  INFO 47693 --- [restartedMain] w.s.c.ServletWebServerApplicationContext : Root WebApplicationContext: initialization completed in 214 ms
2021-01-02 21:23:32.871  INFO 47693 --- [restartedMain] o.s.s.concurrent.ThreadPoolTaskExecutor  : Initializing ExecutorService 'applicationTaskExecutor'
2021-01-02 21:23:32.908  INFO 47693 --- [restartedMain] o.s.b.d.a.OptionalLiveReloadServer       : LiveReload server is running on port 35729
2021-01-02 21:23:32.917  INFO 47693 --- [restartedMain] o.s.b.w.embedded.tomcat.TomcatWebServer  : Tomcat started on port(s): 8080 (http) with context path '/awss3integration'
2021-01-02 21:23:32.923  INFO 47693 --- [restartedMain] c.c.s.SpringbootS3IntegrationApplication : Started SpringbootS3IntegrationApplication in 15.368 seconds (JVM running for 176.043)
2021-01-02 21:23:32.928  INFO 47693 --- [restartedMain] .ConditionEvaluationDeltaLoggingListener : Condition evaluation unchanged
2021-01-02 21:23:34.355  INFO 47693 --- [Thread-14] o.s.s.concurrent.ThreadPoolTaskExecutor  : Shutting down ExecutorService 'applicationTaskExecutor'
2021-01-02 21:23:44.519  WARN 47693 --- [restartedMain] o.s.boot.StartupInfoLogger               : InetAddress.getLocalHost().getHostName() took 5006 milliseconds to respond. Please verify your network configuration (macOS machines may need to add entries to /etc/hosts).
2021-01-02 21:23:49.525  INFO 47693 --- [restartedMain] c.c.s.SpringbootS3IntegrationApplication : Starting SpringbootS3IntegrationApplication using Java 1.8.0_271 on Udaykumars-MacBook-Pro.local with PID 47693 (/Users/udaykumarbommala/Documents/workspace-spring-tool-suite-4-4.8.1.RELEASE/demo/springbootS3Integration/target/classes started by udaykumarbommala in /Users/udaykumarbommala/Documents/workspace-spring-tool-suite-4-4.8.1.RELEASE/demo/springbootS3Integration)
2021-01-02 21:23:49.525  INFO 47693 --- [restartedMain] c.c.s.SpringbootS3IntegrationApplication : No active profile set, falling back to default profiles: default
2021-01-02 21:23:49.677  INFO 47693 --- [restartedMain] o.s.b.w.embedded.tomcat.TomcatWebServer  : Tomcat initialized with port(s): 8080 (http)
2021-01-02 21:23:49.678  INFO 47693 --- [restartedMain] o.apache.catalina.core.StandardService   : Starting service [Tomcat]
2021-01-02 21:23:49.678  INFO 47693 --- [restartedMain] org.apache.catalina.core.StandardEngine  : Starting Servlet engine: [Apache Tomcat/9.0.41]
2021-01-02 21:23:49.682  INFO 47693 --- [restartedMain] o.a.c.c.C.[.[.[/awss3integration]        : Initializing Spring embedded WebApplicationContext
2021-01-02 21:23:49.682  INFO 47693 --- [restartedMain] w.s.c.ServletWebServerApplicationContext : Root WebApplicationContext: initialization completed in 153 ms
2021-01-02 21:23:49.726  INFO 47693 --- [restartedMain] o.s.s.concurrent.ThreadPoolTaskExecutor  : Initializing ExecutorService 'applicationTaskExecutor'
2021-01-02 21:23:49.757  INFO 47693 --- [restartedMain] o.s.b.d.a.OptionalLiveReloadServer       : LiveReload server is running on port 35729
2021-01-02 21:23:49.765  INFO 47693 --- [restartedMain] o.s.b.w.embedded.tomcat.TomcatWebServer  : Tomcat started on port(s): 8080 (http) with context path '/awss3integration'
2021-01-02 21:23:49.770  INFO 47693 --- [restartedMain] c.c.s.SpringbootS3IntegrationApplication : Started SpringbootS3IntegrationApplication in 15.297 seconds (JVM running for 192.889)
2021-01-02 21:23:49.773  INFO 47693 --- [restartedMain] .ConditionEvaluationDeltaLoggingListener : Condition evaluation unchanged
2021-01-02 21:23:56.326  INFO 47693 --- [http-nio-8080-exec-1] o.a.c.c.C.[.[.[/awss3integration]        : Initializing Spring DispatcherServlet 'dispatcherServlet'
2021-01-02 21:23:56.327  INFO 47693 --- [http-nio-8080-exec-1] o.s.web.servlet.DispatcherServlet        : Initializing Servlet 'dispatcherServlet'
2021-01-02 21:23:56.328  INFO 47693 --- [http-nio-8080-exec-1] o.s.web.servlet.DispatcherServlet        : Completed initialization in 0 ms
2021-01-02 21:24:01.601 ERROR 47693 --- [http-nio-8080-exec-2] o.a.c.c.C.[.[.[.[dispatcherServlet]      : Servlet.service() for servlet [dispatcherServlet] in context with path [/awss3integration] threw exception [No adapter for handler [com.consistentlearners.springbootawslambda.controller.S3Controller@53ec7bc0]: The DispatcherServlet configuration needs to include a HandlerAdapter that supports this handler] with root cause

javax.servlet.ServletException: No adapter for handler [com.consistentlearners.springbootawslambda.controller.S3Controller@53ec7bc0]: The DispatcherServlet configuration needs to include a HandlerAdapter that supports this handler
	at org.springframework.web.servlet.DispatcherServlet.getHandlerAdapter(DispatcherServlet.java:1296) ~[spring-webmvc-5.3.2.jar:5.3.2]
	at org.springframework.web.servlet.DispatcherServlet.doDispatch(DispatcherServlet.java:1044) ~[spring-webmvc-5.3.2.jar:5.3.2]
	at org.springframework.web.servlet.DispatcherServlet.doService(DispatcherServlet.java:961) ~[spring-webmvc-5.3.2.jar:5.3.2]
	at org.springframework.web.servlet.FrameworkServlet.processRequest(FrameworkServlet.java:1006) ~[spring-webmvc-5.3.2.jar:5.3.2]
	at org.springframework.web.servlet.FrameworkServlet.doGet(FrameworkServlet.java:898) ~[spring-webmvc-5.3.2.jar:5.3.2]
	at javax.servlet.http.HttpServlet.service(HttpServlet.java:626) ~[tomcat-embed-core-9.0.41.jar:4.0.FR]
	at org.springframework.web.servlet.FrameworkServlet.service(FrameworkServlet.java:883) ~[spring-webmvc-5.3.2.jar:5.3.2]
	at javax.servlet.http.HttpServlet.service(HttpServlet.java:733) ~[tomcat-embed-core-9.0.41.jar:4.0.FR]
	at org.apache.catalina.core.ApplicationFilterChain.internalDoFilter(ApplicationFilterChain.java:231) ~[tomcat-embed-core-9.0.41.jar:9.0.41]
	at org.apache.catalina.core.ApplicationFilterChain.doFilter(ApplicationFilterChain.java:166) ~[tomcat-embed-core-9.0.41.jar:9.0.41]
	at org.apache.tomcat.websocket.server.WsFilter.doFilter(WsFilter.java:53) ~[tomcat-embed-websocket-9.0.41.jar:9.0.41]
	at org.apache.catalina.core.ApplicationFilterChain.internalDoFilter(ApplicationFilterChain.java:193) ~[tomcat-embed-core-9.0.41.jar:9.0.41]
	at org.apache.catalina.core.ApplicationFilterChain.doFilter(ApplicationFilterChain.java:166) ~[tomcat-embed-core-9.0.41.jar:9.0.41]
	at org.springframework.web.filter.RequestContextFilter.doFilterInternal(RequestContextFilter.java:100) ~[spring-web-5.3.2.jar:5.3.2]
	at org.springframework.web.filter.OncePerRequestFilter.doFilter(OncePerRequestFilter.java:119) ~[spring-web-5.3.2.jar:5.3.2]
	at org.apache.catalina.core.ApplicationFilterChain.internalDoFilter(ApplicationFilterChain.java:193) ~[tomcat-embed-core-9.0.41.jar:9.0.41]
	at org.apache.catalina.core.ApplicationFilterChain.doFilter(ApplicationFilterChain.java:166) ~[tomcat-embed-core-9.0.41.jar:9.0.41]
	at org.springframework.web.filter.FormContentFilter.doFilterInternal(FormContentFilter.java:93) ~[spring-web-5.3.2.jar:5.3.2]
	at org.springframework.web.filter.OncePerRequestFilter.doFilter(OncePerRequestFilter.java:119) ~[spring-web-5.3.2.jar:5.3.2]
	at org.apache.catalina.core.ApplicationFilterChain.internalDoFilter(ApplicationFilterChain.java:193) ~[tomcat-embed-core-9.0.41.jar:9.0.41]
	at org.apache.catalina.core.ApplicationFilterChain.doFilter(ApplicationFilterChain.java:166) ~[tomcat-embed-core-9.0.41.jar:9.0.41]
	at org.springframework.web.filter.CharacterEncodingFilter.doFilterInternal(CharacterEncodingFilter.java:201) ~[spring-web-5.3.2.jar:5.3.2]
	at org.springframework.web.filter.OncePerRequestFilter.doFilter(OncePerRequestFilter.java:119) ~[spring-web-5.3.2.jar:5.3.2]
	at org.apache.catalina.core.ApplicationFilterChain.internalDoFilter(ApplicationFilterChain.java:193) ~[tomcat-embed-core-9.0.41.jar:9.0.41]
	at org.apache.catalina.core.ApplicationFilterChain.doFilter(ApplicationFilterChain.java:166) ~[tomcat-embed-core-9.0.41.jar:9.0.41]
	at org.apache.catalina.core.StandardWrapperValve.invoke(StandardWrapperValve.java:202) ~[tomcat-embed-core-9.0.41.jar:9.0.41]
	at org.apache.catalina.core.StandardContextValve.invoke(StandardContextValve.java:97) [tomcat-embed-core-9.0.41.jar:9.0.41]
	at org.apache.catalina.authenticator.AuthenticatorBase.invoke(AuthenticatorBase.java:542) [tomcat-embed-core-9.0.41.jar:9.0.41]
	at org.apache.catalina.core.StandardHostValve.invoke(StandardHostValve.java:143) [tomcat-embed-core-9.0.41.jar:9.0.41]
	at org.apache.catalina.valves.ErrorReportValve.invoke(ErrorReportValve.java:92) [tomcat-embed-core-9.0.41.jar:9.0.41]
	at org.apache.catalina.core.StandardEngineValve.invoke(StandardEngineValve.java:78) [tomcat-embed-core-9.0.41.jar:9.0.41]
	at org.apache.catalina.connector.CoyoteAdapter.service(CoyoteAdapter.java:343) [tomcat-embed-core-9.0.41.jar:9.0.41]
	at org.apache.coyote.http11.Http11Processor.service(Http11Processor.java:374) [tomcat-embed-core-9.0.41.jar:9.0.41]
	at org.apache.coyote.AbstractProcessorLight.process(AbstractProcessorLight.java:65) [tomcat-embed-core-9.0.41.jar:9.0.41]
	at org.apache.coyote.AbstractProtocol$ConnectionHandler.process(AbstractProtocol.java:888) [tomcat-embed-core-9.0.41.jar:9.0.41]
	at org.apache.tomcat.util.net.NioEndpoint$SocketProcessor.doRun(NioEndpoint.java:1597) [tomcat-embed-core-9.0.41.jar:9.0.41]
	at org.apache.tomcat.util.net.SocketProcessorBase.run(SocketProcessorBase.java:49) [tomcat-embed-core-9.0.41.jar:9.0.41]
	at java.util.concurrent.ThreadPoolExecutor.runWorker(ThreadPoolExecutor.java:1149) [na:1.8.0_271]
	at java.util.concurrent.ThreadPoolExecutor$Worker.run(ThreadPoolExecutor.java:624) [na:1.8.0_271]
	at org.apache.tomcat.util.threads.TaskThread$WrappingRunnable.run(TaskThread.java:61) [tomcat-embed-core-9.0.41.jar:9.0.41]
	at java.lang.Thread.run(Thread.java:748) [na:1.8.0_271]

2021-01-02 21:24:57.761 ERROR 47693 --- [http-nio-8080-exec-8] o.a.c.c.C.[.[.[.[dispatcherServlet]      : Servlet.service() for servlet [dispatcherServlet] in context with path [/awss3integration] threw exception [No adapter for handler [com.consistentlearners.springbootawslambda.controller.S3Controller@53ec7bc0]: The DispatcherServlet configuration needs to include a HandlerAdapter that supports this handler] with root cause

javax.servlet.ServletException: No adapter for handler [com.consistentlearners.springbootawslambda.controller.S3Controller@53ec7bc0]: The DispatcherServlet configuration needs to include a HandlerAdapter that supports this handler
	at org.springframework.web.servlet.DispatcherServlet.getHandlerAdapter(DispatcherServlet.java:1296) ~[spring-webmvc-5.3.2.jar:5.3.2]
	at org.springframework.web.servlet.DispatcherServlet.doDispatch(DispatcherServlet.java:1044) ~[spring-webmvc-5.3.2.jar:5.3.2]
	at org.springframework.web.servlet.DispatcherServlet.doService(DispatcherServlet.java:961) ~[spring-webmvc-5.3.2.jar:5.3.2]
	at org.springframework.web.servlet.FrameworkServlet.processRequest(FrameworkServlet.java:1006) ~[spring-webmvc-5.3.2.jar:5.3.2]
	at org.springframework.web.servlet.FrameworkServlet.doPost(FrameworkServlet.java:909) ~[spring-webmvc-5.3.2.jar:5.3.2]
	at javax.servlet.http.HttpServlet.service(HttpServlet.java:652) ~[tomcat-embed-core-9.0.41.jar:4.0.FR]
	at org.springframework.web.servlet.FrameworkServlet.service(FrameworkServlet.java:883) ~[spring-webmvc-5.3.2.jar:5.3.2]
	at javax.servlet.http.HttpServlet.service(HttpServlet.java:733) ~[tomcat-embed-core-9.0.41.jar:4.0.FR]
	at org.apache.catalina.core.ApplicationFilterChain.internalDoFilter(ApplicationFilterChain.java:231) ~[tomcat-embed-core-9.0.41.jar:9.0.41]
	at org.apache.catalina.core.ApplicationFilterChain.doFilter(ApplicationFilterChain.java:166) ~[tomcat-embed-core-9.0.41.jar:9.0.41]
	at org.apache.tomcat.websocket.server.WsFilter.doFilter(WsFilter.java:53) ~[tomcat-embed-websocket-9.0.41.jar:9.0.41]
	at org.apache.catalina.core.ApplicationFilterChain.internalDoFilter(ApplicationFilterChain.java:193) ~[tomcat-embed-core-9.0.41.jar:9.0.41]
	at org.apache.catalina.core.ApplicationFilterChain.doFilter(ApplicationFilterChain.java:166) ~[tomcat-embed-core-9.0.41.jar:9.0.41]
	at org.springframework.web.filter.RequestContextFilter.doFilterInternal(RequestContextFilter.java:100) ~[spring-web-5.3.2.jar:5.3.2]
	at org.springframework.web.filter.OncePerRequestFilter.doFilter(OncePerRequestFilter.java:119) ~[spring-web-5.3.2.jar:5.3.2]
	at org.apache.catalina.core.ApplicationFilterChain.internalDoFilter(ApplicationFilterChain.java:193) ~[tomcat-embed-core-9.0.41.jar:9.0.41]
	at org.apache.catalina.core.ApplicationFilterChain.doFilter(ApplicationFilterChain.java:166) ~[tomcat-embed-core-9.0.41.jar:9.0.41]
	at org.springframework.web.filter.FormContentFilter.doFilterInternal(FormContentFilter.java:93) ~[spring-web-5.3.2.jar:5.3.2]
	at org.springframework.web.filter.OncePerRequestFilter.doFilter(OncePerRequestFilter.java:119) ~[spring-web-5.3.2.jar:5.3.2]
	at org.apache.catalina.core.ApplicationFilterChain.internalDoFilter(ApplicationFilterChain.java:193) ~[tomcat-embed-core-9.0.41.jar:9.0.41]
	at org.apache.catalina.core.ApplicationFilterChain.doFilter(ApplicationFilterChain.java:166) ~[tomcat-embed-core-9.0.41.jar:9.0.41]
	at org.springframework.web.filter.CharacterEncodingFilter.doFilterInternal(CharacterEncodingFilter.java:201) ~[spring-web-5.3.2.jar:5.3.2]
	at org.springframework.web.filter.OncePerRequestFilter.doFilter(OncePerRequestFilter.java:119) ~[spring-web-5.3.2.jar:5.3.2]
	at org.apache.catalina.core.ApplicationFilterChain.internalDoFilter(ApplicationFilterChain.java:193) ~[tomcat-embed-core-9.0.41.jar:9.0.41]
	at org.apache.catalina.core.ApplicationFilterChain.doFilter(ApplicationFilterChain.java:166) ~[tomcat-embed-core-9.0.41.jar:9.0.41]
	at org.apache.catalina.core.StandardWrapperValve.invoke(StandardWrapperValve.java:202) ~[tomcat-embed-core-9.0.41.jar:9.0.41]
	at org.apache.catalina.core.StandardContextValve.invoke(StandardContextValve.java:97) [tomcat-embed-core-9.0.41.jar:9.0.41]
	at org.apache.catalina.authenticator.AuthenticatorBase.invoke(AuthenticatorBase.java:542) [tomcat-embed-core-9.0.41.jar:9.0.41]
	at org.apache.catalina.core.StandardHostValve.invoke(StandardHostValve.java:143) [tomcat-embed-core-9.0.41.jar:9.0.41]
	at org.apache.catalina.valves.ErrorReportValve.invoke(ErrorReportValve.java:92) [tomcat-embed-core-9.0.41.jar:9.0.41]
	at org.apache.catalina.core.StandardEngineValve.invoke(StandardEngineValve.java:78) [tomcat-embed-core-9.0.41.jar:9.0.41]
	at org.apache.catalina.connector.CoyoteAdapter.service(CoyoteAdapter.java:343) [tomcat-embed-core-9.0.41.jar:9.0.41]
	at org.apache.coyote.http11.Http11Processor.service(Http11Processor.java:374) [tomcat-embed-core-9.0.41.jar:9.0.41]
	at org.apache.coyote.AbstractProcessorLight.process(AbstractProcessorLight.java:65) [tomcat-embed-core-9.0.41.jar:9.0.41]
	at org.apache.coyote.AbstractProtocol$ConnectionHandler.process(AbstractProtocol.java:888) [tomcat-embed-core-9.0.41.jar:9.0.41]
	at org.apache.tomcat.util.net.NioEndpoint$SocketProcessor.doRun(NioEndpoint.java:1597) [tomcat-embed-core-9.0.41.jar:9.0.41]
	at org.apache.tomcat.util.net.SocketProcessorBase.run(SocketProcessorBase.java:49) [tomcat-embed-core-9.0.41.jar:9.0.41]
	at java.util.concurrent.ThreadPoolExecutor.runWorker(ThreadPoolExecutor.java:1149) [na:1.8.0_271]
	at java.util.concurrent.ThreadPoolExecutor$Worker.run(ThreadPoolExecutor.java:624) [na:1.8.0_271]
	at org.apache.tomcat.util.threads.TaskThread$WrappingRunnable.run(TaskThread.java:61) [tomcat-embed-core-9.0.41.jar:9.0.41]
	at java.lang.Thread.run(Thread.java:748) [na:1.8.0_271]

2021-01-02 21:26:00.364  INFO 47693 --- [Thread-21] o.s.s.concurrent.ThreadPoolTaskExecutor  : Shutting down ExecutorService 'applicationTaskExecutor'
2021-01-02 21:26:10.528  WARN 47693 --- [restartedMain] o.s.boot.StartupInfoLogger               : InetAddress.getLocalHost().getHostName() took 5004 milliseconds to respond. Please verify your network configuration (macOS machines may need to add entries to /etc/hosts).
2021-01-02 21:26:15.531  INFO 47693 --- [restartedMain] c.c.s.SpringbootS3IntegrationApplication : Starting SpringbootS3IntegrationApplication using Java 1.8.0_271 on Udaykumars-MacBook-Pro.local with PID 47693 (/Users/udaykumarbommala/Documents/workspace-spring-tool-suite-4-4.8.1.RELEASE/demo/springbootS3Integration/target/classes started by udaykumarbommala in /Users/udaykumarbommala/Documents/workspace-spring-tool-suite-4-4.8.1.RELEASE/demo/springbootS3Integration)
2021-01-02 21:26:15.532  INFO 47693 --- [restartedMain] c.c.s.SpringbootS3IntegrationApplication : No active profile set, falling back to default profiles: default
2021-01-02 21:26:15.552  WARN 47693 --- [restartedMain] ConfigServletWebServerApplicationContext : Exception encountered during context initialization - cancelling refresh attempt: org.springframework.beans.factory.BeanDefinitionStoreException: Failed to read candidate component class: file [/Users/udaykumarbommala/Documents/workspace-spring-tool-suite-4-4.8.1.RELEASE/demo/springbootS3Integration/target/classes/com/consistentlearners/springbootawslambda/controller/S3Controller.class]; nested exception is java.lang.IllegalArgumentException
2021-01-02 21:26:15.576 ERROR 47693 --- [restartedMain] o.s.boot.SpringApplication               : Application run failed

org.springframework.beans.factory.BeanDefinitionStoreException: Failed to read candidate component class: file [/Users/udaykumarbommala/Documents/workspace-spring-tool-suite-4-4.8.1.RELEASE/demo/springbootS3Integration/target/classes/com/consistentlearners/springbootawslambda/controller/S3Controller.class]; nested exception is java.lang.IllegalArgumentException
	at org.springframework.context.annotation.ClassPathScanningCandidateComponentProvider.scanCandidateComponents(ClassPathScanningCandidateComponentProvider.java:452) ~[spring-context-5.3.2.jar:5.3.2]
	at org.springframework.context.annotation.ClassPathScanningCandidateComponentProvider.findCandidateComponents(ClassPathScanningCandidateComponentProvider.java:315) ~[spring-context-5.3.2.jar:5.3.2]
	at org.springframework.context.annotation.ClassPathBeanDefinitionScanner.doScan(ClassPathBeanDefinitionScanner.java:276) ~[spring-context-5.3.2.jar:5.3.2]
	at org.springframework.context.annotation.ComponentScanAnnotationParser.parse(ComponentScanAnnotationParser.java:132) ~[spring-context-5.3.2.jar:5.3.2]
	at org.springframework.context.annotation.ConfigurationClassParser.doProcessConfigurationClass(ConfigurationClassParser.java:296) ~[spring-context-5.3.2.jar:5.3.2]
	at org.springframework.context.annotation.ConfigurationClassParser.processConfigurationClass(ConfigurationClassParser.java:250) ~[spring-context-5.3.2.jar:5.3.2]
	at org.springframework.context.annotation.ConfigurationClassParser.parse(ConfigurationClassParser.java:207) ~[spring-context-5.3.2.jar:5.3.2]
	at org.springframework.context.annotation.ConfigurationClassParser.parse(ConfigurationClassParser.java:175) ~[spring-context-5.3.2.jar:5.3.2]
	at org.springframework.context.annotation.ConfigurationClassPostProcessor.processConfigBeanDefinitions(ConfigurationClassPostProcessor.java:336) ~[spring-context-5.3.2.jar:5.3.2]
	at org.springframework.context.annotation.ConfigurationClassPostProcessor.postProcessBeanDefinitionRegistry(ConfigurationClassPostProcessor.java:252) ~[spring-context-5.3.2.jar:5.3.2]
	at org.springframework.context.support.PostProcessorRegistrationDelegate.invokeBeanDefinitionRegistryPostProcessors(PostProcessorRegistrationDelegate.java:285) ~[spring-context-5.3.2.jar:5.3.2]
	at org.springframework.context.support.PostProcessorRegistrationDelegate.invokeBeanFactoryPostProcessors(PostProcessorRegistrationDelegate.java:99) ~[spring-context-5.3.2.jar:5.3.2]
	at org.springframework.context.support.AbstractApplicationContext.invokeBeanFactoryPostProcessors(AbstractApplicationContext.java:751) ~[spring-context-5.3.2.jar:5.3.2]
	at org.springframework.context.support.AbstractApplicationContext.refresh(AbstractApplicationContext.java:569) ~[spring-context-5.3.2.jar:5.3.2]
	at org.springframework.boot.web.servlet.context.ServletWebServerApplicationContext.refresh(ServletWebServerApplicationContext.java:144) ~[spring-boot-2.4.1.jar:2.4.1]
	at org.springframework.boot.SpringApplication.refresh(SpringApplication.java:767) [spring-boot-2.4.1.jar:2.4.1]
	at org.springframework.boot.SpringApplication.refresh(SpringApplication.java:759) [spring-boot-2.4.1.jar:2.4.1]
	at org.springframework.boot.SpringApplication.refreshContext(SpringApplication.java:426) [spring-boot-2.4.1.jar:2.4.1]
	at org.springframework.boot.SpringApplication.run(SpringApplication.java:326) [spring-boot-2.4.1.jar:2.4.1]
	at org.springframework.boot.SpringApplication.run(SpringApplication.java:1309) [spring-boot-2.4.1.jar:2.4.1]
	at org.springframework.boot.SpringApplication.run(SpringApplication.java:1298) [spring-boot-2.4.1.jar:2.4.1]
	at com.consistentlearners.springbootawslambda.SpringbootS3IntegrationApplication.main(SpringbootS3IntegrationApplication.java:10) [classes/:na]
	at sun.reflect.NativeMethodAccessorImpl.invoke0(Native Method) ~[na:1.8.0_271]
	at sun.reflect.NativeMethodAccessorImpl.invoke(NativeMethodAccessorImpl.java:62) ~[na:1.8.0_271]
	at sun.reflect.DelegatingMethodAccessorImpl.invoke(DelegatingMethodAccessorImpl.java:43) ~[na:1.8.0_271]
	at java.lang.reflect.Method.invoke(Method.java:498) ~[na:1.8.0_271]
	at org.springframework.boot.devtools.restart.RestartLauncher.run(RestartLauncher.java:49) [spring-boot-devtools-2.4.1.jar:2.4.1]
Caused by: java.lang.IllegalArgumentException: null
	at org.springframework.asm.ClassReader.readElementValue(ClassReader.java:3151) ~[spring-core-5.3.2.jar:5.3.2]
	at org.springframework.asm.ClassReader.readElementValues(ClassReader.java:2962) ~[spring-core-5.3.2.jar:5.3.2]
	at org.springframework.asm.ClassReader.readMethod(ClassReader.java:1380) ~[spring-core-5.3.2.jar:5.3.2]
	at org.springframework.asm.ClassReader.accept(ClassReader.java:711) ~[spring-core-5.3.2.jar:5.3.2]
	at org.springframework.asm.ClassReader.accept(ClassReader.java:394) ~[spring-core-5.3.2.jar:5.3.2]
	at org.springframework.core.type.classreading.SimpleMetadataReader.<init>(SimpleMetadataReader.java:49) ~[spring-core-5.3.2.jar:5.3.2]
	at org.springframework.core.type.classreading.SimpleMetadataReaderFactory.getMetadataReader(SimpleMetadataReaderFactory.java:103) ~[spring-core-5.3.2.jar:5.3.2]
	at org.springframework.core.type.classreading.CachingMetadataReaderFactory.getMetadataReader(CachingMetadataReaderFactory.java:123) ~[spring-core-5.3.2.jar:5.3.2]
	at org.springframework.context.annotation.ClassPathScanningCandidateComponentProvider.scanCandidateComponents(ClassPathScanningCandidateComponentProvider.java:429) ~[spring-context-5.3.2.jar:5.3.2]
	... 26 common frames omitted

2021-01-02 21:27:23.505  WARN 47693 --- [restartedMain] o.s.boot.StartupInfoLogger               : InetAddress.getLocalHost().getHostName() took 5005 milliseconds to respond. Please verify your network configuration (macOS machines may need to add entries to /etc/hosts).
2021-01-02 21:27:28.510  INFO 47693 --- [restartedMain] c.c.s.SpringbootS3IntegrationApplication : Starting SpringbootS3IntegrationApplication using Java 1.8.0_271 on Udaykumars-MacBook-Pro.local with PID 47693 (/Users/udaykumarbommala/Documents/workspace-spring-tool-suite-4-4.8.1.RELEASE/demo/springbootS3Integration/target/classes started by udaykumarbommala in /Users/udaykumarbommala/Documents/workspace-spring-tool-suite-4-4.8.1.RELEASE/demo/springbootS3Integration)
2021-01-02 21:27:28.511  INFO 47693 --- [restartedMain] c.c.s.SpringbootS3IntegrationApplication : No active profile set, falling back to default profiles: default
2021-01-02 21:27:28.724  INFO 47693 --- [restartedMain] o.s.b.w.embedded.tomcat.TomcatWebServer  : Tomcat initialized with port(s): 8080 (http)
2021-01-02 21:27:28.725  INFO 47693 --- [restartedMain] o.apache.catalina.core.StandardService   : Starting service [Tomcat]
2021-01-02 21:27:28.725  INFO 47693 --- [restartedMain] org.apache.catalina.core.StandardEngine  : Starting Servlet engine: [Apache Tomcat/9.0.41]
2021-01-02 21:27:28.731  INFO 47693 --- [restartedMain] o.a.c.c.C.[.[.[/awss3integration]        : Initializing Spring embedded WebApplicationContext
2021-01-02 21:27:28.731  INFO 47693 --- [restartedMain] w.s.c.ServletWebServerApplicationContext : Root WebApplicationContext: initialization completed in 211 ms
2021-01-02 21:27:28.783  INFO 47693 --- [restartedMain] o.s.s.concurrent.ThreadPoolTaskExecutor  : Initializing ExecutorService 'applicationTaskExecutor'
2021-01-02 21:27:28.817  INFO 47693 --- [restartedMain] o.s.b.d.a.OptionalLiveReloadServer       : LiveReload server is running on port 35729
2021-01-02 21:27:28.826  INFO 47693 --- [restartedMain] o.s.b.w.embedded.tomcat.TomcatWebServer  : Tomcat started on port(s): 8080 (http) with context path '/awss3integration'
2021-01-02 21:27:28.831  INFO 47693 --- [restartedMain] c.c.s.SpringbootS3IntegrationApplication : Started SpringbootS3IntegrationApplication in 15.358 seconds (JVM running for 411.947)
2021-01-02 21:27:28.833  INFO 47693 --- [restartedMain] .ConditionEvaluationDeltaLoggingListener : Condition evaluation unchanged
2021-01-02 21:27:36.371  INFO 47693 --- [http-nio-8080-exec-1] o.a.c.c.C.[.[.[/awss3integration]        : Initializing Spring DispatcherServlet 'dispatcherServlet'
2021-01-02 21:27:36.372  INFO 47693 --- [http-nio-8080-exec-1] o.s.web.servlet.DispatcherServlet        : Initializing Servlet 'dispatcherServlet'
2021-01-02 21:27:36.372  INFO 47693 --- [http-nio-8080-exec-1] o.s.web.servlet.DispatcherServlet        : Completed initialization in 0 ms
2021-01-02 21:27:47.624  INFO 47693 --- [http-nio-8080-exec-3] c.c.s.service.impl.AWSS3ServiceImpl      : File upload in progress.
2021-01-02 21:27:47.632  INFO 47693 --- [http-nio-8080-exec-3] c.c.s.service.impl.AWSS3ServiceImpl      : Uploading file with name= 2021-01-02T21:27:47.631_ofsBrand.jpeg
2021-01-02 21:27:51.645  INFO 47693 --- [http-nio-8080-exec-3] c.c.s.service.impl.AWSS3ServiceImpl      : File upload is completed.
2021-01-02 21:28:12.639  INFO 47693 --- [Thread-29] o.s.s.concurrent.ThreadPoolTaskExecutor  : Shutting down ExecutorService 'applicationTaskExecutor'
2021-01-02 21:28:22.853  WARN 47693 --- [restartedMain] o.s.boot.StartupInfoLogger               : InetAddress.getLocalHost().getHostName() took 5002 milliseconds to respond. Please verify your network configuration (macOS machines may need to add entries to /etc/hosts).
2021-01-02 21:28:27.857  INFO 47693 --- [restartedMain] c.c.s.SpringbootS3IntegrationApplication : Starting SpringbootS3IntegrationApplication using Java 1.8.0_271 on Udaykumars-MacBook-Pro.local with PID 47693 (/Users/udaykumarbommala/Documents/workspace-spring-tool-suite-4-4.8.1.RELEASE/demo/springbootS3Integration/target/classes started by udaykumarbommala in /Users/udaykumarbommala/Documents/workspace-spring-tool-suite-4-4.8.1.RELEASE/demo/springbootS3Integration)
2021-01-02 21:28:27.859  INFO 47693 --- [restartedMain] c.c.s.SpringbootS3IntegrationApplication : No active profile set, falling back to default profiles: default
2021-01-02 21:28:28.054  INFO 47693 --- [restartedMain] o.s.b.w.embedded.tomcat.TomcatWebServer  : Tomcat initialized with port(s): 8080 (http)
2021-01-02 21:28:28.055  INFO 47693 --- [restartedMain] o.apache.catalina.core.StandardService   : Starting service [Tomcat]
2021-01-02 21:28:28.055  INFO 47693 --- [restartedMain] org.apache.catalina.core.StandardEngine  : Starting Servlet engine: [Apache Tomcat/9.0.41]
2021-01-02 21:28:28.059  INFO 47693 --- [restartedMain] o.a.c.c.C.[.[.[/awss3integration]        : Initializing Spring embedded WebApplicationContext
2021-01-02 21:28:28.060  INFO 47693 --- [restartedMain] w.s.c.ServletWebServerApplicationContext : Root WebApplicationContext: initialization completed in 195 ms
2021-01-02 21:28:28.096  INFO 47693 --- [restartedMain] o.s.s.concurrent.ThreadPoolTaskExecutor  : Initializing ExecutorService 'applicationTaskExecutor'
2021-01-02 21:28:28.127  INFO 47693 --- [restartedMain] o.s.b.d.a.OptionalLiveReloadServer       : LiveReload server is running on port 35729
2021-01-02 21:28:28.135  INFO 47693 --- [restartedMain] o.s.b.w.embedded.tomcat.TomcatWebServer  : Tomcat started on port(s): 8080 (http) with context path '/awss3integration'
2021-01-02 21:28:28.140  INFO 47693 --- [restartedMain] c.c.s.SpringbootS3IntegrationApplication : Started SpringbootS3IntegrationApplication in 15.324 seconds (JVM running for 471.255)
2021-01-02 21:28:28.144  INFO 47693 --- [restartedMain] .ConditionEvaluationDeltaLoggingListener : Condition evaluation unchanged
2021-01-02 21:28:39.831  INFO 47693 --- [http-nio-8080-exec-1] o.a.c.c.C.[.[.[/awss3integration]        : Initializing Spring DispatcherServlet 'dispatcherServlet'
2021-01-02 21:28:39.832  INFO 47693 --- [http-nio-8080-exec-1] o.s.web.servlet.DispatcherServlet        : Initializing Servlet 'dispatcherServlet'
2021-01-02 21:28:39.834  INFO 47693 --- [http-nio-8080-exec-1] o.s.web.servlet.DispatcherServlet        : Completed initialization in 2 ms
2021-01-02 21:28:51.158  INFO 47693 --- [http-nio-8080-exec-3] c.c.s.service.impl.AWSS3ServiceImpl      : File upload in progress.
2021-01-02 21:28:51.160  INFO 47693 --- [http-nio-8080-exec-3] c.c.s.service.impl.AWSS3ServiceImpl      : Uploading file with name= 2021-01-02T21:28:51.160_ofsBrand.jpeg
2021-01-02 21:28:54.557  INFO 47693 --- [http-nio-8080-exec-3] c.c.s.service.impl.AWSS3ServiceImpl      : File upload is completed.
2021-01-02 21:29:04.838  INFO 47693 --- [Thread-38] o.s.s.concurrent.ThreadPoolTaskExecutor  : Shutting down ExecutorService 'applicationTaskExecutor'
2021-01-02 21:29:14.964  WARN 47693 --- [restartedMain] o.s.boot.StartupInfoLogger               : InetAddress.getLocalHost().getHostName() took 5004 milliseconds to respond. Please verify your network configuration (macOS machines may need to add entries to /etc/hosts).
2021-01-02 21:29:19.970  INFO 47693 --- [restartedMain] c.c.s.SpringbootS3IntegrationApplication : Starting SpringbootS3IntegrationApplication using Java 1.8.0_271 on Udaykumars-MacBook-Pro.local with PID 47693 (/Users/udaykumarbommala/Documents/workspace-spring-tool-suite-4-4.8.1.RELEASE/demo/springbootS3Integration/target/classes started by udaykumarbommala in /Users/udaykumarbommala/Documents/workspace-spring-tool-suite-4-4.8.1.RELEASE/demo/springbootS3Integration)
2021-01-02 21:29:19.971  INFO 47693 --- [restartedMain] c.c.s.SpringbootS3IntegrationApplication : No active profile set, falling back to default profiles: default
2021-01-02 21:29:20.120  INFO 47693 --- [restartedMain] o.s.b.w.embedded.tomcat.TomcatWebServer  : Tomcat initialized with port(s): 8080 (http)
2021-01-02 21:29:20.121  INFO 47693 --- [restartedMain] o.apache.catalina.core.StandardService   : Starting service [Tomcat]
2021-01-02 21:29:20.121  INFO 47693 --- [restartedMain] org.apache.catalina.core.StandardEngine  : Starting Servlet engine: [Apache Tomcat/9.0.41]
2021-01-02 21:29:20.126  INFO 47693 --- [restartedMain] o.a.c.c.C.[.[.[/awss3integration]        : Initializing Spring embedded WebApplicationContext
2021-01-02 21:29:20.126  INFO 47693 --- [restartedMain] w.s.c.ServletWebServerApplicationContext : Root WebApplicationContext: initialization completed in 149 ms
2021-01-02 21:29:20.158  INFO 47693 --- [restartedMain] o.s.s.concurrent.ThreadPoolTaskExecutor  : Initializing ExecutorService 'applicationTaskExecutor'
2021-01-02 21:29:20.179  INFO 47693 --- [restartedMain] o.s.b.d.a.OptionalLiveReloadServer       : LiveReload server is running on port 35729
2021-01-02 21:29:20.186  INFO 47693 --- [restartedMain] o.s.b.w.embedded.tomcat.TomcatWebServer  : Tomcat started on port(s): 8080 (http) with context path '/awss3integration'
2021-01-02 21:29:20.191  INFO 47693 --- [restartedMain] c.c.s.SpringbootS3IntegrationApplication : Started SpringbootS3IntegrationApplication in 15.255 seconds (JVM running for 523.305)
2021-01-02 21:29:20.193  INFO 47693 --- [restartedMain] .ConditionEvaluationDeltaLoggingListener : Condition evaluation unchanged
2021-01-02 21:29:29.648  INFO 47693 --- [http-nio-8080-exec-1] o.a.c.c.C.[.[.[/awss3integration]        : Initializing Spring DispatcherServlet 'dispatcherServlet'
2021-01-02 21:29:29.649  INFO 47693 --- [http-nio-8080-exec-1] o.s.web.servlet.DispatcherServlet        : Initializing Servlet 'dispatcherServlet'
2021-01-02 21:29:29.650  INFO 47693 --- [http-nio-8080-exec-1] o.s.web.servlet.DispatcherServlet        : Completed initialization in 1 ms
2021-01-02 21:29:37.185  INFO 47693 --- [RMI TCP Connection(35)-127.0.0.1] inMXBeanRegistrar$SpringApplicationAdmin : Application shutdown requested.
2021-01-02 21:29:37.204  INFO 47693 --- [RMI TCP Connection(35)-127.0.0.1] o.s.s.concurrent.ThreadPoolTaskExecutor  : Shutting down ExecutorService 'applicationTaskExecutor'
2021-01-02 21:29:55.086  WARN 47818 --- [restartedMain] o.s.boot.StartupInfoLogger               : InetAddress.getLocalHost().getHostName() took 5004 milliseconds to respond. Please verify your network configuration (macOS machines may need to add entries to /etc/hosts).
2021-01-02 21:30:00.101  INFO 47818 --- [restartedMain] c.c.s.SpringbootS3IntegrationApplication : Starting SpringbootS3IntegrationApplication using Java 1.8.0_271 on Udaykumars-MacBook-Pro.local with PID 47818 (/Users/udaykumarbommala/Documents/workspace-spring-tool-suite-4-4.8.1.RELEASE/demo/springbootS3Integration/target/classes started by udaykumarbommala in /Users/udaykumarbommala/Documents/workspace-spring-tool-suite-4-4.8.1.RELEASE/demo/springbootS3Integration)
2021-01-02 21:30:00.102  INFO 47818 --- [restartedMain] c.c.s.SpringbootS3IntegrationApplication : No active profile set, falling back to default profiles: default
2021-01-02 21:30:00.156  INFO 47818 --- [restartedMain] .e.DevToolsPropertyDefaultsPostProcessor : Devtools property defaults active! Set 'spring.devtools.add-properties' to 'false' to disable
2021-01-02 21:30:00.156  INFO 47818 --- [restartedMain] .e.DevToolsPropertyDefaultsPostProcessor : For additional web related logging consider setting the 'logging.level.web' property to 'DEBUG'
2021-01-02 21:30:00.903  INFO 47818 --- [restartedMain] o.s.b.w.embedded.tomcat.TomcatWebServer  : Tomcat initialized with port(s): 8080 (http)
2021-01-02 21:30:00.913  INFO 47818 --- [restartedMain] o.apache.catalina.core.StandardService   : Starting service [Tomcat]
2021-01-02 21:30:00.913  INFO 47818 --- [restartedMain] org.apache.catalina.core.StandardEngine  : Starting Servlet engine: [Apache Tomcat/9.0.41]
2021-01-02 21:30:00.964  INFO 47818 --- [restartedMain] o.a.c.c.C.[.[.[/awss3integration]        : Initializing Spring embedded WebApplicationContext
2021-01-02 21:30:00.965  INFO 47818 --- [restartedMain] w.s.c.ServletWebServerApplicationContext : Root WebApplicationContext: initialization completed in 808 ms
2021-01-02 21:30:01.608  INFO 47818 --- [restartedMain] o.s.s.concurrent.ThreadPoolTaskExecutor  : Initializing ExecutorService 'applicationTaskExecutor'
2021-01-02 21:30:01.777  INFO 47818 --- [restartedMain] o.s.b.d.a.OptionalLiveReloadServer       : LiveReload server is running on port 35729
2021-01-02 21:30:01.817  INFO 47818 --- [restartedMain] o.s.b.w.embedded.tomcat.TomcatWebServer  : Tomcat started on port(s): 8080 (http) with context path '/awss3integration'
2021-01-02 21:30:01.826  INFO 47818 --- [restartedMain] c.c.s.SpringbootS3IntegrationApplication : Started SpringbootS3IntegrationApplication in 17.147 seconds (JVM running for 22.872)
2021-01-02 21:30:06.583  INFO 47818 --- [http-nio-8080-exec-2] o.a.c.c.C.[.[.[/awss3integration]        : Initializing Spring DispatcherServlet 'dispatcherServlet'
2021-01-02 21:30:06.583  INFO 47818 --- [http-nio-8080-exec-2] o.s.web.servlet.DispatcherServlet        : Initializing Servlet 'dispatcherServlet'
2021-01-02 21:30:06.585  INFO 47818 --- [http-nio-8080-exec-2] o.s.web.servlet.DispatcherServlet        : Completed initialization in 1 ms
2021-01-02 21:30:06.635  INFO 47818 --- [http-nio-8080-exec-2] c.c.s.service.impl.AWSS3ServiceImpl      : File upload in progress.
2021-01-02 21:30:06.641  INFO 47818 --- [http-nio-8080-exec-2] c.c.s.service.impl.AWSS3ServiceImpl      : Uploading file with name= 2021-01-02T21:30:06.640_ofsBrand.jpeg
2021-01-02 21:30:10.911  INFO 47818 --- [http-nio-8080-exec-2] c.c.s.service.impl.AWSS3ServiceImpl      : File upload is completed.
2021-01-02 21:30:17.359  INFO 47818 --- [Thread-7] o.s.s.concurrent.ThreadPoolTaskExecutor  : Shutting down ExecutorService 'applicationTaskExecutor'
2021-01-02 21:30:27.516  WARN 47818 --- [restartedMain] o.s.boot.StartupInfoLogger               : InetAddress.getLocalHost().getHostName() took 5003 milliseconds to respond. Please verify your network configuration (macOS machines may need to add entries to /etc/hosts).
2021-01-02 21:30:32.519  INFO 47818 --- [restartedMain] c.c.s.SpringbootS3IntegrationApplication : Starting SpringbootS3IntegrationApplication using Java 1.8.0_271 on Udaykumars-MacBook-Pro.local with PID 47818 (/Users/udaykumarbommala/Documents/workspace-spring-tool-suite-4-4.8.1.RELEASE/demo/springbootS3Integration/target/classes started by udaykumarbommala in /Users/udaykumarbommala/Documents/workspace-spring-tool-suite-4-4.8.1.RELEASE/demo/springbootS3Integration)
2021-01-02 21:30:32.520  INFO 47818 --- [restartedMain] c.c.s.SpringbootS3IntegrationApplication : No active profile set, falling back to default profiles: default
2021-01-02 21:30:32.712  INFO 47818 --- [restartedMain] o.s.b.w.embedded.tomcat.TomcatWebServer  : Tomcat initialized with port(s): 8080 (http)
2021-01-02 21:30:32.712  INFO 47818 --- [restartedMain] o.apache.catalina.core.StandardService   : Starting service [Tomcat]
2021-01-02 21:30:32.713  INFO 47818 --- [restartedMain] org.apache.catalina.core.StandardEngine  : Starting Servlet engine: [Apache Tomcat/9.0.41]
2021-01-02 21:30:32.717  INFO 47818 --- [restartedMain] o.a.c.c.C.[.[.[/awss3integration]        : Initializing Spring embedded WebApplicationContext
2021-01-02 21:30:32.717  INFO 47818 --- [restartedMain] w.s.c.ServletWebServerApplicationContext : Root WebApplicationContext: initialization completed in 189 ms
2021-01-02 21:30:32.760  INFO 47818 --- [restartedMain] o.s.s.concurrent.ThreadPoolTaskExecutor  : Initializing ExecutorService 'applicationTaskExecutor'
2021-01-02 21:30:32.791  INFO 47818 --- [restartedMain] o.s.b.d.a.OptionalLiveReloadServer       : LiveReload server is running on port 35729
2021-01-02 21:30:32.800  INFO 47818 --- [restartedMain] o.s.b.w.embedded.tomcat.TomcatWebServer  : Tomcat started on port(s): 8080 (http) with context path '/awss3integration'
2021-01-02 21:30:32.806  INFO 47818 --- [restartedMain] c.c.s.SpringbootS3IntegrationApplication : Started SpringbootS3IntegrationApplication in 15.327 seconds (JVM running for 53.853)
2021-01-02 21:30:32.810  INFO 47818 --- [restartedMain] .ConditionEvaluationDeltaLoggingListener : Condition evaluation unchanged
